<?xml version="1.0" encoding="UTF-8"?>
<!-- Generated by org.testng.reporters.JUnitXMLReporter -->
<testsuite ignored="0" hostname="DESKTOP-RL6CK4B" failures="0" tests="1" name="Test-Runner-Edge" time="155.262" errors="0" timestamp="2025-06-26T18:14:18 IST">
  <testcase classname="AddEmployeeTest.CreateAddEmployeeTest" name="createAddEmployee" time="33.731"/>
</testsuite> <!-- Test-Runner-Edge -->
