<?xml version="1.0" encoding="UTF-8"?>
<!-- Generated by org.testng.reporters.JUnitReportReporter -->
<testsuite hostname="DESKTOP-RL6CK4B" failures="0" tests="1" name="AddEmployeeTest.CreateAddEmployeeTest" time="35.341" errors="0" timestamp="2025-06-27T17:56:44 IST" skipped="0">
  <testcase classname="AddEmployeeTest.CreateAddEmployeeTest" name="createAddEmployee" time="35.341"/>
  <system-out/>
</testsuite> <!-- AddEmployeeTest.CreateAddEmployeeTest -->
